[github.com/flipped-aurora/gin-vue-admin/server]2024-10-18 17:20:27.369	[31merror[0m	F:/@go/gin-layout/api/v1/system/sys_user.go:46	ç™»é™†å¤±è´¥! ç”¨æˆ·åä¸å­˜åœ¨æˆ–è€…å¯†ç é”™è¯¯!	{"error": "sql: Scan error on column index 1, name \"created_at\": unsupported Scan, storing driver.Value type []uint8 into type *time.Time"}
[github.com/flipped-aurora/gin-vue-admin/server]2024-10-18 17:22:10.295	[31merror[0m	F:/@go/gin-layout/api/v1/system/sys_user.go:46	ç™»é™†å¤±è´¥! ç”¨æˆ·åä¸å­˜åœ¨æˆ–è€…å¯†ç é”™è¯¯!	{"error": "sql: Scan error on column index 1, name \"created_at\": unsupported Scan, storing driver.Value type []uint8 into type *time.Time"}
[github.com/flipped-aurora/gin-vue-admin/server]2024-10-18 17:22:25.194	[31merror[0m	F:/@go/gin-layout/api/v1/system/sys_user.go:46	ç™»é™†å¤±è´¥! ç”¨æˆ·åä¸å­˜åœ¨æˆ–è€…å¯†ç é”™è¯¯!	{"error": "sql: Scan error on column index 1, name \"created_at\": unsupported Scan, storing driver.Value type []uint8 into type *time.Time"}
[github.com/flipped-aurora/gin-vue-admin/server]2024-10-18 17:24:14.064	[31merror[0m	F:/@go/gin-layout/api/v1/system/sys_user.go:46	ç™»é™†å¤±è´¥! ç”¨æˆ·åä¸å­˜åœ¨æˆ–è€…å¯†ç é”™è¯¯!	{"error": "sql: Scan error on column index 1, name \"created_at\": unsupported Scan, storing driver.Value type []uint8 into type *time.Time"}
[github.com/flipped-aurora/gin-vue-admin/server]2024-10-18 17:24:14.075	[31merror[0m	F:/@go/gin-layout/api/v1/system/sys_user.go:52	ç™»é™†å¤±è´¥! ç”¨æˆ·è¢«ç¦æ­¢ç™»å½•!
[github.com/flipped-aurora/gin-vue-admin/server]2024-10-18 17:25:06.274	[31merror[0m	F:/@go/gin-layout/api/v1/system/sys_user.go:46	ç™»é™†å¤±è´¥! ç”¨æˆ·åä¸å­˜åœ¨æˆ–è€…å¯†ç é”™è¯¯!	{"error": "sql: Scan error on column index 1, name \"created_at\": unsupported Scan, storing driver.Value type []uint8 into type *time.Time"}
[github.com/flipped-aurora/gin-vue-admin/server]2024-10-18 17:26:28.421	[31merror[0m	F:/@go/gin-layout/api/v1/system/sys_user.go:46	ç™»é™†å¤±è´¥! ç”¨æˆ·åä¸å­˜åœ¨æˆ–è€…å¯†ç é”™è¯¯!	{"error": "sql: Scan error on column index 1, name \"created_at\": unsupported Scan, storing driver.Value type []uint8 into type *time.Time"}
[github.com/flipped-aurora/gin-vue-admin/server]2024-10-18 17:30:04.614	[31merror[0m	F:/@go/gin-layout/api/v1/system/sys_user.go:46	ç™»é™†å¤±è´¥! ç”¨æˆ·åä¸å­˜åœ¨æˆ–è€…å¯†ç é”™è¯¯!	{"error": "sql: Scan error on column index 1, name \"created_at\": unsupported Scan, storing driver.Value type []uint8 into type *time.Time"}
[github.com/flipped-aurora/gin-vue-admin/server]2024-10-18 17:33:35.634	[31merror[0m	F:/@go/gin-layout/api/v1/system/sys_user.go:46	ç™»é™†å¤±è´¥! ç”¨æˆ·åä¸å­˜åœ¨æˆ–è€…å¯†ç é”™è¯¯!	{"error": "sql: Scan error on column index 1, name \"created_at\": unsupported Scan, storing driver.Value type []uint8 into type *time.Time"}
[github.com/flipped-aurora/gin-vue-admin/server]2024-10-18 17:36:07.791	[31merror[0m	F:/@go/gin-layout/api/v1/system/sys_user.go:46	ç™»é™†å¤±è´¥! ç”¨æˆ·åä¸å­˜åœ¨æˆ–è€…å¯†ç é”™è¯¯!	{"error": "sql: Scan error on column index 1, name \"created_at\": unsupported Scan, storing driver.Value type []uint8 into type *time.Time"}
[github.com/flipped-aurora/gin-vue-admin/server]2024-10-18 17:39:49.019	[31merror[0m	F:/@go/gin-layout/api/v1/system/sys_user.go:46	ç™»é™†å¤±è´¥! ç”¨æˆ·åä¸å­˜åœ¨æˆ–è€…å¯†ç é”™è¯¯!	{"error": "sql: Scan error on column index 1, name \"created_at\": unsupported Scan, storing driver.Value type []uint8 into type *time.Time"}
[github.com/flipped-aurora/gin-vue-admin/server]2024-10-18 17:42:41.685	[31merror[0m	F:/@go/gin-layout/api/v1/system/sys_user.go:46	ç™»é™†å¤±è´¥! ç”¨æˆ·åä¸å­˜åœ¨æˆ–è€…å¯†ç é”™è¯¯!	{"error": "record not found"}
[github.com/flipped-aurora/gin-vue-admin/server]2024-10-18 17:43:15.805	[31merror[0m	F:/@go/gin-layout/api/v1/system/sys_user.go:46	ç™»é™†å¤±è´¥! ç”¨æˆ·åä¸å­˜åœ¨æˆ–è€…å¯†ç é”™è¯¯!	{"error": "sql: Scan error on column index 1, name \"created_at\": unsupported Scan, storing driver.Value type []uint8 into type *time.Time"}
[github.com/flipped-aurora/gin-vue-admin/server]2024-10-18 17:43:30.423	[31merror[0m	F:/@go/gin-layout/api/v1/system/sys_user.go:138	æ³¨å†Œå¤±è´¥!	{"error": "ç”¨æˆ·åå·²æ³¨å†Œ"}
[github.com/flipped-aurora/gin-vue-admin/server]2024-10-18 17:45:38.092	[31merror[0m	F:/@go/gin-layout/api/v1/system/sys_user.go:46	ç™»é™†å¤±è´¥! ç”¨æˆ·åä¸å­˜åœ¨æˆ–è€…å¯†ç é”™è¯¯!	{"error": "sql: Scan error on column index 1, name \"created_at\": unsupported Scan, storing driver.Value type []uint8 into type *time.Time"}
[github.com/flipped-aurora/gin-vue-admin/server]2024-10-18 17:47:29.443	[31merror[0m	F:/@go/gin-layout/api/v1/system/sys_user.go:46	ç™»é™†å¤±è´¥! ç”¨æˆ·åä¸å­˜åœ¨æˆ–è€…å¯†ç é”™è¯¯!	{"error": "sql: Scan error on column index 1, name \"created_at\": unsupported Scan, storing driver.Value type []uint8 into type *time.Time"}
[github.com/flipped-aurora/gin-vue-admin/server]2024-10-18 17:48:36.649	[31merror[0m	F:/@go/gin-layout/api/v1/system/sys_user.go:46	ç™»é™†å¤±è´¥! ç”¨æˆ·åä¸å­˜åœ¨æˆ–è€…å¯†ç é”™è¯¯!	{"error": "ç”¨æˆ·åå·²æ³¨å†Œ"}
[github.com/flipped-aurora/gin-vue-admin/server]2024-10-18 17:49:25.813	[31merror[0m	F:/@go/gin-layout/api/v1/system/sys_user.go:46	ç™»é™†å¤±è´¥! ç”¨æˆ·åä¸å­˜åœ¨æˆ–è€…å¯†ç é”™è¯¯!	{"error": "record not found"}
[github.com/flipped-aurora/gin-vue-admin/server]2024-10-18 17:49:40.394	[31merror[0m	F:/@go/gin-layout/api/v1/system/sys_user.go:46	ç™»é™†å¤±è´¥! ç”¨æˆ·åä¸å­˜åœ¨æˆ–è€…å¯†ç é”™è¯¯!	{"error": "ç”¨æˆ·åå·²æ³¨å†Œ"}
[github.com/flipped-aurora/gin-vue-admin/server]2024-10-18 17:50:01.139	[31merror[0m	F:/@go/gin-layout/api/v1/system/sys_user.go:46	ç™»é™†å¤±è´¥! ç”¨æˆ·åä¸å­˜åœ¨æˆ–è€…å¯†ç é”™è¯¯!	{"error": "record not found"}
[github.com/flipped-aurora/gin-vue-admin/server]2024-10-18 17:50:53.999	[31merror[0m	F:/@go/gin-layout/api/v1/system/sys_user.go:46	ç™»é™†å¤±è´¥! ç”¨æˆ·åä¸å­˜åœ¨æˆ–è€…å¯†ç é”™è¯¯!	{"error": "record not found"}
[github.com/flipped-aurora/gin-vue-admin/server]2024-10-18 17:51:06.045	[31merror[0m	F:/@go/gin-layout/api/v1/system/sys_user.go:46	ç™»é™†å¤±è´¥! ç”¨æˆ·åä¸å­˜åœ¨æˆ–è€…å¯†ç é”™è¯¯!	{"error": "ç”¨æˆ·åå·²æ³¨å†Œ"}
[github.com/flipped-aurora/gin-vue-admin/server]2024-10-18 17:51:23.444	[31merror[0m	F:/@go/gin-layout/api/v1/system/sys_user.go:46	ç™»é™†å¤±è´¥! ç”¨æˆ·åä¸å­˜åœ¨æˆ–è€…å¯†ç é”™è¯¯!	{"error": "ç”¨æˆ·åå·²æ³¨å†Œ"}
[github.com/flipped-aurora/gin-vue-admin/server]2024-10-18 17:51:42.024	[31merror[0m	F:/@go/gin-layout/api/v1/system/sys_user.go:46	ç™»é™†å¤±è´¥! ç”¨æˆ·åä¸å­˜åœ¨æˆ–è€…å¯†ç é”™è¯¯!	{"error": "ç”¨æˆ·åå·²æ³¨å†Œ"}
[github.com/flipped-aurora/gin-vue-admin/server]2024-10-18 17:52:18.653	[31merror[0m	F:/@go/gin-layout/api/v1/system/sys_user.go:138	æ³¨å†Œå¤±è´¥!	{"error": "ç”¨æˆ·åå·²æ³¨å†Œ"}
[github.com/flipped-aurora/gin-vue-admin/server]2024-10-18 17:58:56.462	[31merror[0m	F:/@go/gin-layout/api/v1/system/sys_user.go:139	æ³¨å†Œå¤±è´¥!	{"error": "ç”¨æˆ·åå·²æ³¨å†Œ"}
[github.com/flipped-aurora/gin-vue-admin/server]2024-10-18 18:01:59.773	[31merror[0m	F:/@go/gin-layout/api/v1/system/sys_user.go:139	æ³¨å†Œå¤±è´¥!	{"error": "ç”¨æˆ·åå·²æ³¨å†Œ"}
[github.com/flipped-aurora/gin-vue-admin/server]2024-10-18 18:02:03.298	[31merror[0m	F:/@go/gin-layout/api/v1/system/sys_user.go:47	ç™»é™†å¤±è´¥! ç”¨æˆ·åä¸å­˜åœ¨æˆ–è€…å¯†ç é”™è¯¯!	{"error": "ç”¨æˆ·åå·²æ³¨å†Œ"}
